<?xml version="1.0" encoding="UTF-8"?>
<!-- Generated by org.testng.reporters.JUnitXMLReporter -->
<testsuite hostname="Sunithas-MBP.hitronhub.home" name="Default test" tests="3" failures="0" timestamp="7 Jun 2018 17:29:43 GMT" time="100.506" errors="0">
  <testcase name="login" time="16.587" classname="Goopter.HomePageTest"/>
  <testcase name="ImageTest" time="0.1" classname="Goopter.HomePageTest"/>
  <testcase name="TitleTest" time="0.051" classname="Goopter.HomePageTest"/>
</testsuite> <!-- Default test -->
