<?xml version="1.0" encoding="UTF-8"?>
<testng-results skipped="0" failed="0" total="0" passed="0">
  <reporter-output>
  </reporter-output>
  <suite name="Goopter.AppTest" duration-ms="23" started-at="2018-05-05T05:45:33Z" finished-at="2018-05-05T05:45:33Z">
    <groups>
    </groups>
    <test name="Command line test" duration-ms="23" started-at="2018-05-05T05:45:33Z" finished-at="2018-05-05T05:45:33Z">
    </test> <!-- Command line test -->
  </suite> <!-- Goopter.AppTest -->
</testng-results>
