<?xml version="1.0" encoding="UTF-8"?>
<testng-results skipped="0" failed="0" total="3" passed="3">
  <reporter-output>
  </reporter-output>
  <suite name="Default suite" duration-ms="100506" started-at="2018-06-07T17:28:02Z" finished-at="2018-06-07T17:29:42Z">
    <groups>
    </groups>
    <test name="Default test" duration-ms="100506" started-at="2018-06-07T17:28:02Z" finished-at="2018-06-07T17:29:42Z">
      <class name="Goopter.HomePageTest">
        <test-method status="PASS" signature="setup()[pri:0, instance:Goopter.HomePageTest@2a2d45ba]" name="setup" is-config="true" duration-ms="73839" started-at="2018-06-07T10:28:02Z" finished-at="2018-06-07T10:29:16Z">
          <reporter-output>
          </reporter-output>
        </test-method> <!-- setup -->
        <test-method status="PASS" signature="login()[pri:0, instance:Goopter.HomePageTest@2a2d45ba]" name="login" duration-ms="16587" started-at="2018-06-07T10:29:16Z" finished-at="2018-06-07T10:29:32Z">
          <reporter-output>
          </reporter-output>
        </test-method> <!-- login -->
        <test-method status="PASS" signature="tearDown()[pri:0, instance:Goopter.HomePageTest@2a2d45ba]" name="tearDown" is-config="true" duration-ms="554" started-at="2018-06-07T10:29:32Z" finished-at="2018-06-07T10:29:33Z">
          <reporter-output>
          </reporter-output>
        </test-method> <!-- tearDown -->
        <test-method status="PASS" signature="setup()[pri:0, instance:Goopter.HomePageTest@2a2d45ba]" name="setup" is-config="true" duration-ms="6450" started-at="2018-06-07T10:29:33Z" finished-at="2018-06-07T10:29:39Z">
          <reporter-output>
          </reporter-output>
        </test-method> <!-- setup -->
        <test-method status="PASS" signature="ImageTest()[pri:0, instance:Goopter.HomePageTest@2a2d45ba]" name="ImageTest" duration-ms="100" started-at="2018-06-07T10:29:39Z" finished-at="2018-06-07T10:29:39Z">
          <reporter-output>
          </reporter-output>
        </test-method> <!-- ImageTest -->
        <test-method status="PASS" signature="tearDown()[pri:0, instance:Goopter.HomePageTest@2a2d45ba]" name="tearDown" is-config="true" duration-ms="205" started-at="2018-06-07T10:29:39Z" finished-at="2018-06-07T10:29:40Z">
          <reporter-output>
          </reporter-output>
        </test-method> <!-- tearDown -->
        <test-method status="PASS" signature="setup()[pri:0, instance:Goopter.HomePageTest@2a2d45ba]" name="setup" is-config="true" duration-ms="2484" started-at="2018-06-07T10:29:40Z" finished-at="2018-06-07T10:29:42Z">
          <reporter-output>
          </reporter-output>
        </test-method> <!-- setup -->
        <test-method status="PASS" signature="TitleTest()[pri:0, instance:Goopter.HomePageTest@2a2d45ba]" name="TitleTest" duration-ms="51" started-at="2018-06-07T10:29:42Z" finished-at="2018-06-07T10:29:42Z">
          <reporter-output>
          </reporter-output>
        </test-method> <!-- TitleTest -->
        <test-method status="PASS" signature="tearDown()[pri:0, instance:Goopter.HomePageTest@2a2d45ba]" name="tearDown" is-config="true" duration-ms="193" started-at="2018-06-07T10:29:42Z" finished-at="2018-06-07T10:29:42Z">
          <reporter-output>
          </reporter-output>
        </test-method> <!-- tearDown -->
      </class> <!-- Goopter.HomePageTest -->
    </test> <!-- Default test -->
  </suite> <!-- Default suite -->
</testng-results>
